<?xml version="1.0" encoding="UTF-8"?>
<!-- Generated by org.testng.reporters.JUnitReportReporter -->
<testsuite hostname="BTPL-DTP-A052" name="com.eBay.TestCases.Purchase" tests="1" failures="0" timestamp="14 Aug 2018 11:07:27 GMT" time="57.552" errors="0">
  <testcase name="Purchaseproduct" time="57.552" classname="com.eBay.TestCases.Purchase"/>
</testsuite> <!-- com.eBay.TestCases.Purchase -->
