<?xml version="1.0" encoding="UTF-8"?>
<!-- Generated by org.testng.reporters.JUnitReportReporter -->
<testsuite hostname="BTPL-DTP-A052" name="com.eBay.TestCases.LoginFunctionality" tests="3" failures="0" timestamp="14 Aug 2018 11:07:27 GMT" time="37.033" errors="0">
  <testcase name="androidgestures" time="0.248" classname="com.eBay.TestCases.LoginFunctionality"/>
  <testcase name="performOrientation" time="11.336" classname="com.eBay.TestCases.LoginFunctionality"/>
  <testcase name="Loginapp" time="25.449" classname="com.eBay.TestCases.LoginFunctionality"/>
</testsuite> <!-- com.eBay.TestCases.LoginFunctionality -->
